<?xml version="1.0" encoding="UTF-8"?>
<!-- Generated by org.testng.reporters.JUnitReportReporter -->
<testsuite hostname="asd-Lenovo-IdeaPad-S145-14IWL" failures="0" tests="2" name="creatingAndAccessingWallet.CreateAndAccessWalletMnemonic" time="53.009" errors="0" timestamp="2022-12-27T15:55:15 PKT" skipped="0">
  <testcase classname="creatingAndAccessingWallet.CreateAndAccessWalletMnemonic" name="accessWalletMnemonic" time="25.005"/>
  <system-out/>
  <testcase classname="creatingAndAccessingWallet.CreateAndAccessWalletMnemonic" name="createWallet" time="28.004"/>
  <system-out/>
</testsuite> <!-- creatingAndAccessingWallet.CreateAndAccessWalletMnemonic -->
