<?xml version="1.0" encoding="UTF-8"?>
<!-- Generated by org.testng.reporters.JUnitReportReporter -->
<testsuite hostname="asd-Lenovo-IdeaPad-S145-14IWL" failures="0" tests="3" name="creatingAndAccessingWallet.createAndAccessWallet" time="9.086" errors="0" timestamp="2022-12-27T13:18:18 PKT" skipped="0">
  <testcase classname="creatingAndAccessingWallet.createAndAccessWallet" name="accessWalletMnemonic" time="2.002"/>
  <system-out/>
  <testcase classname="creatingAndAccessingWallet.createAndAccessWallet" name="accessWalletKeystore" time="2.004"/>
  <system-out/>
  <testcase classname="creatingAndAccessingWallet.createAndAccessWallet" name="createWallet" time="5.080"/>
  <system-out/>
</testsuite> <!-- creatingAndAccessingWallet.createAndAccessWallet -->
