<?xml version="1.0" encoding="UTF-8"?>
<!-- Generated by org.testng.reporters.JUnitReportReporter -->
<testsuite hostname="asd-Lenovo-IdeaPad-S145-14IWL" failures="0" tests="2" name="creatingAndAccessingWallet.CreateAndAccessWalletKeystore" time="48.007" errors="0" timestamp="2022-12-27T15:55:15 PKT" skipped="0">
  <testcase classname="creatingAndAccessingWallet.CreateAndAccessWalletKeystore" name="accessWalletKeystore" time="20.002"/>
  <system-out/>
  <testcase classname="creatingAndAccessingWallet.CreateAndAccessWalletKeystore" name="createWallet" time="28.005"/>
  <system-out/>
</testsuite> <!-- creatingAndAccessingWallet.CreateAndAccessWalletKeystore -->
